<?xml version="1.0" encoding="UTF-8"?>
<!-- Generated by org.testng.reporters.JUnitXMLReporter -->
<testsuite hostname="Allans-MacBook-Air.local" ignored="8" name="TestLeads" tests="4" failures="1" timestamp="23 Jun 2018 07:18:04 GMT" time="56.059" errors="0">
  <testcase name="createLead" time="6.271" classname="tests.CreateLead"/>
  <testcase name="createLead" time="6.618" classname="tests.CreateLead"/>
  <testcase name="Editlead" time="18.561" classname="tests.EditLead"/>
  <testcase name="deleteLead" time="16.896" classname="tests.DeleteLead">
    <failure type="java.lang.RuntimeException" message="The program is stopped">
      <![CDATA[java.lang.RuntimeException: The program is stopped
at lib.selenium.WebDriverServiceImpl.locateElement(WebDriverServiceImpl.java:43)
at tests.DeleteLead.deleteLead(DeleteLead.java:43)
... Removed 25 stack frames]]>
    </failure>
  </testcase> <!-- deleteLead -->
  <testcase name="@AfterSuite afterSuite" time="0.0" classname="lib.selenium.PreAndPost">
    <ignored/>
  </testcase> <!-- @AfterSuite afterSuite -->
  <testcase name="@AfterSuite afterSuite" time="0.0" classname="lib.selenium.PreAndPost">
    <ignored/>
  </testcase> <!-- @AfterSuite afterSuite -->
  <testcase name="@BeforeTest beforeTest" time="0.0" classname="lib.selenium.PreAndPost">
    <ignored/>
  </testcase> <!-- @BeforeTest beforeTest -->
  <testcase name="@BeforeTest beforeTest" time="0.0" classname="lib.selenium.PreAndPost">
    <ignored/>
  </testcase> <!-- @BeforeTest beforeTest -->
  <testcase name="@AfterTest afterTest" time="0.0" classname="lib.selenium.PreAndPost">
    <ignored/>
  </testcase> <!-- @AfterTest afterTest -->
  <testcase name="@AfterTest afterTest" time="0.0" classname="lib.selenium.PreAndPost">
    <ignored/>
  </testcase> <!-- @AfterTest afterTest -->
  <testcase name="@BeforeSuite beforeSuite" time="0.0" classname="lib.selenium.PreAndPost">
    <ignored/>
  </testcase> <!-- @BeforeSuite beforeSuite -->
  <testcase name="@BeforeSuite beforeSuite" time="0.0" classname="lib.selenium.PreAndPost">
    <ignored/>
  </testcase> <!-- @BeforeSuite beforeSuite -->
</testsuite> <!-- TestLeads -->
