<?xml version="1.0" encoding="UTF-8"?>
<testng-results skipped="0" failed="0" ignored="0" total="2" passed="2">
  <reporter-output>
  </reporter-output>
  <suite name="Default suite" duration-ms="54" started-at="2018-08-02T16:31:12Z" finished-at="2018-08-02T16:31:12Z">
    <groups>
    </groups>
    <test name="Default test" duration-ms="54" started-at="2018-08-02T16:31:12Z" finished-at="2018-08-02T16:31:12Z">
      <class name="tests.Test">
        <test-method status="PASS" signature="beforeSuite()[pri:0, instance:tests.Test@6500df86]" name="beforeSuite" is-config="true" duration-ms="20" started-at="2018-08-02T16:31:12Z" finished-at="2018-08-02T16:31:12Z">
          <reporter-output>
          </reporter-output>
        </test-method> <!-- beforeSuite -->
        <test-method status="PASS" signature="beforeTest()[pri:0, instance:tests.Test@6500df86]" name="beforeTest" is-config="true" duration-ms="0" started-at="2018-08-02T16:31:12Z" finished-at="2018-08-02T16:31:12Z">
          <reporter-output>
          </reporter-output>
        </test-method> <!-- beforeTest -->
        <test-method status="PASS" signature="beforeClass()[pri:0, instance:tests.Test@6500df86]" name="beforeClass" is-config="true" duration-ms="0" started-at="2018-08-02T16:31:12Z" finished-at="2018-08-02T16:31:12Z">
          <reporter-output>
          </reporter-output>
        </test-method> <!-- beforeClass -->
        <test-method status="PASS" signature="beforeMethod()[pri:0, instance:tests.Test@6500df86]" name="beforeMethod" is-config="true" duration-ms="1" started-at="2018-08-02T16:31:12Z" finished-at="2018-08-02T16:31:12Z">
          <reporter-output>
          </reporter-output>
        </test-method> <!-- beforeMethod -->
        <test-method status="PASS" signature="testCase1()[pri:0, instance:tests.Test@6500df86]" name="testCase1" duration-ms="6" started-at="2018-08-02T16:31:12Z" finished-at="2018-08-02T16:31:12Z">
          <reporter-output>
          </reporter-output>
        </test-method> <!-- testCase1 -->
        <test-method status="PASS" signature="afterMethod()[pri:0, instance:tests.Test@6500df86]" name="afterMethod" is-config="true" duration-ms="1" started-at="2018-08-02T16:31:12Z" finished-at="2018-08-02T16:31:12Z">
          <reporter-output>
          </reporter-output>
        </test-method> <!-- afterMethod -->
        <test-method status="PASS" signature="testCase2()[pri:0, instance:tests.Test@6500df86]" name="testCase2" duration-ms="3" started-at="2018-08-02T16:31:12Z" finished-at="2018-08-02T16:31:12Z">
          <reporter-output>
          </reporter-output>
        </test-method> <!-- testCase2 -->
        <test-method status="PASS" signature="beforeMethod()[pri:0, instance:tests.Test@6500df86]" name="beforeMethod" is-config="true" duration-ms="0" started-at="2018-08-02T16:31:12Z" finished-at="2018-08-02T16:31:12Z">
          <reporter-output>
          </reporter-output>
        </test-method> <!-- beforeMethod -->
        <test-method status="PASS" signature="afterMethod()[pri:0, instance:tests.Test@6500df86]" name="afterMethod" is-config="true" duration-ms="1" started-at="2018-08-02T16:31:12Z" finished-at="2018-08-02T16:31:12Z">
          <reporter-output>
          </reporter-output>
        </test-method> <!-- afterMethod -->
        <test-method status="PASS" signature="afterClass()[pri:0, instance:tests.Test@6500df86]" name="afterClass" is-config="true" duration-ms="0" started-at="2018-08-02T16:31:12Z" finished-at="2018-08-02T16:31:12Z">
          <reporter-output>
          </reporter-output>
        </test-method> <!-- afterClass -->
        <test-method status="PASS" signature="afterTest()[pri:0, instance:tests.Test@6500df86]" name="afterTest" is-config="true" duration-ms="0" started-at="2018-08-02T16:31:12Z" finished-at="2018-08-02T16:31:12Z">
          <reporter-output>
          </reporter-output>
        </test-method> <!-- afterTest -->
        <test-method status="PASS" signature="afterSuite()[pri:0, instance:tests.Test@6500df86]" name="afterSuite" is-config="true" duration-ms="2" started-at="2018-08-02T16:31:13Z" finished-at="2018-08-02T16:31:13Z">
          <reporter-output>
          </reporter-output>
        </test-method> <!-- afterSuite -->
      </class> <!-- tests.Test -->
    </test> <!-- Default test -->
  </suite> <!-- Default suite -->
</testng-results>
